<?xml version="1.0" encoding="UTF-8"?>
<!-- Generated by org.testng.reporters.JUnitReportReporter -->
<testsuite hostname="Sakib" name="managementDashboard.JobManagementJobs" tests="2" failures="0" timestamp="18 Oct 2016 05:40:50 GMT" time="55.767" errors="0">
  <testcase name="test_create_job" time="2.446" classname="managementDashboard.JobManagementJobs"/>
  <testcase name="Login" time="53.321" classname="managementDashboard.JobManagementJobs"/>
</testsuite> <!-- managementDashboard.JobManagementJobs -->
