<?xml version="1.0" encoding="UTF-8"?>
<!-- Generated by org.testng.reporters.JUnitReportReporter -->
<testsuite hostname="Sakib" name="managementDashboard.JobManagementJobApplied" tests="2" failures="0" timestamp="27 Sep 2016 11:29:13 GMT" time="16.991" errors="0">
  <testcase name="test_total_num_of_applicant_and_page_information" time="13.770" classname="managementDashboard.JobManagementJobApplied"/>
  <testcase name="Login" time="3.221" classname="managementDashboard.JobManagementJobApplied"/>
</testsuite> <!-- managementDashboard.JobManagementJobApplied -->
