<?xml version="1.0" encoding="UTF-8"?>
<!-- Generated by org.testng.reporters.JUnitReportReporter -->
<testsuite hostname="Sakib" name="managementDashboard.SetupCountry" tests="2" failures="0" timestamp="25 Sep 2016 09:45:49 GMT" time="34.566" errors="0">
  <testcase name="test_pagination" time="20.530" classname="managementDashboard.SetupCountry"/>
  <testcase name="Login" time="14.036" classname="managementDashboard.SetupCountry"/>
</testsuite> <!-- managementDashboard.SetupCountry -->
