<?xml version="1.0" encoding="UTF-8"?>
<!-- Generated by org.testng.reporters.JUnitReportReporter -->
<testsuite skipped="0" hostname="SAKIBQA" name="managementDashboard.Login" tests="2" failures="0" timestamp="28 Nov 2016 08:30:03 GMT" time="46.636" errors="0">
  <testcase name="Login" time="23.442" classname="managementDashboard.Login"/>
  <testcase name="test_Successful_Login" time="23.194" classname="managementDashboard.Login"/>
</testsuite> <!-- managementDashboard.Login -->
