<?xml version="1.0" encoding="UTF-8"?>
<!-- Generated by org.testng.reporters.JUnitReportReporter -->
<testsuite hostname="Sakib" name="managementDashboard.Summary" tests="2" failures="0" timestamp="18 Sep 2016 12:06:04 GMT" time="3.522" errors="0">
  <testcase name="test_jobs_panel" time="1.085" classname="managementDashboard.Summary"/>
  <testcase name="Login" time="2.437" classname="managementDashboard.Summary"/>
</testsuite> <!-- managementDashboard.Summary -->
