<?xml version="1.0" encoding="UTF-8"?>
<!-- Generated by org.testng.reporters.JUnitReportReporter -->
<testsuite hostname="Sakib" name="managementDashboard.UserManagementUser" tests="2" failures="0" timestamp="20 Sep 2016 08:59:04 GMT" time="5.157" errors="0">
  <testcase name="test_column_name" time="1.595" classname="managementDashboard.UserManagementUser"/>
  <testcase name="Login" time="3.562" classname="managementDashboard.UserManagementUser"/>
</testsuite> <!-- managementDashboard.UserManagementUser -->
